\BOOKMARK [1][-]{section.1}{\376\377\000G\000i\000r\000i\001\137}{}% 1
\BOOKMARK [1][-]{section.2}{\376\377\000V\000e\000r\000i\000\040\000Y\000a\000p\001\061\000l\000a\000r\001\061}{}% 2
\BOOKMARK [2][-]{subsection.2.1}{\376\377\000T\000e\000p\000e\000\040\000\050\000V\000e\000r\000t\000e\000x\000\051\000\040\000S\001\061\000n\001\061\000f\001\061}{section.2}% 3
\BOOKMARK [2][-]{subsection.2.2}{\376\377\000\307\000i\000z\000g\000e\000\040\000\050\000G\000r\000a\000p\000h\000\051\000\040\000S\001\061\000n\001\061\000f\001\061}{section.2}% 4
\BOOKMARK [1][-]{section.3}{\376\377\000\307\000i\000z\000g\000e\000\040\000G\000i\000r\000d\000i\000/\000\307\001\061\000k\000t\001\061\000\040\001\060\001\137\000l\000e\000m\000l\000e\000r\000i}{}% 5
\BOOKMARK [2][-]{subsection.3.1}{\376\377\000K\000o\000m\001\137\000u\000l\000u\000k\000\040\000M\000a\000t\000r\000i\000s\000i\000\040\000F\000o\000r\000m\000a\000t\001\061}{section.3}% 6
\BOOKMARK [2][-]{subsection.3.2}{\376\377\000K\000o\000m\001\137\000u\000l\000u\000k\000\040\000L\000i\000s\000t\000e\000s\000i\000\040\000F\000o\000r\000m\000a\000t\001\061}{section.3}% 7
\BOOKMARK [1][-]{section.4}{\376\377\000\326\000z\000e\000l\000\040\000\307\000i\000z\000g\000e\000\040\000T\000\374\000r\000l\000e\000r\000i}{}% 8
\BOOKMARK [2][-]{subsection.4.1}{\376\377\000T\000a\000m\000\040\000\307\000i\000z\000g\000e\000\040\000\050\000K\000n\000\051}{section.4}% 9
\BOOKMARK [2][-]{subsection.4.2}{\376\377\000D\000\366\000n\000g\000\374\000\040\000\307\000i\000z\000g\000e\000\040\000\050\000C\000n\000\051}{section.4}% 10
\BOOKMARK [2][-]{subsection.4.3}{\376\377\000\307\000a\000r\000k\000\040\000\307\000i\000z\000g\000e\000\040\000\050\000W\000n\000\051}{section.4}% 11
\BOOKMARK [2][-]{subsection.4.4}{\376\377\000n\000-\000K\000\374\000p\000\040\000\307\000i\000z\000g\000e\000\040\000\050\000Q\000n\000\051}{section.4}% 12
\BOOKMARK [1][-]{section.5}{\376\377\000\307\000i\000z\000g\000e\000\040\000A\000n\000a\000l\000i\000z\000i}{}% 13
\BOOKMARK [2][-]{subsection.5.1}{\376\377\000S\000o\000y\000u\000t\000l\000a\000n\000m\001\061\001\137\000\040\000T\000e\000p\000e\000l\000e\000r}{section.5}% 14
\BOOKMARK [2][-]{subsection.5.2}{\376\377\000A\000s\001\061\000l\001\061\000\040\000T\000e\000p\000e\000l\000e\000r}{section.5}% 15
\BOOKMARK [2][-]{subsection.5.3}{\376\377\001\060\000k\000i\000\040\000P\000a\000r\000\347\000a\000l\001\061\000\040\000\307\000i\000z\000g\000e\000\040\000K\000o\000n\000t\000r\000o\000l\000\374}{section.5}% 16
\BOOKMARK [2][-]{subsection.5.4}{\376\377\000B\000a\001\037\000l\001\061\000l\001\061\000k\000\040\000A\000n\000a\000l\000i\000z\000i}{section.5}% 17
\BOOKMARK [1][-]{section.6}{\376\377\000T\000e\000s\000t\000\040\000v\000e\000\040\000D\000o\001\037\000r\000u\000l\000a\000m\000a}{}% 18
\BOOKMARK [1][-]{section.7}{\376\377\000S\000o\000n\000u\000\347}{}% 19
\BOOKMARK [1][-]{appendix.A}{\376\377\000K\000a\000y\000n\000a\000k\000\040\000K\000o\000d\000l\000a\000r\001\061}{}% 20
